[debug] [2026-01-24T07:25:30.977Z] ----------------------------------------------------------------------
[debug] [2026-01-24T07:25:30.981Z] Command:       C:\Program Files\nodejs\node.exe C:\Users\Omkar.Verma\AppData\Roaming\npm\node_modules\firebase-tools\lib\bin\firebase.js deploy --debug
[debug] [2026-01-24T07:25:30.981Z] CLI Version:   15.4.0
[debug] [2026-01-24T07:25:30.981Z] Platform:      win32
[debug] [2026-01-24T07:25:30.981Z] Node Version:  v22.14.0
[debug] [2026-01-24T07:25:30.982Z] Time:          Sat Jan 24 2026 12:55:30 GMT+0530 (India Standard Time)
[debug] [2026-01-24T07:25:30.982Z] ----------------------------------------------------------------------
[debug] 
[debug] [2026-01-24T07:25:33.636Z] Object "" in "firebase.json" has unknown property: {"additionalProperty":"projects"}
[debug] [2026-01-24T07:25:33.641Z] > command requires scopes: ["email","openid","https://www.googleapis.com/auth/cloudplatformprojects.readonly","https://www.googleapis.com/auth/firebase","https://www.googleapis.com/auth/cloud-platform"]
[debug] [2026-01-24T07:25:33.642Z] > authorizing via signed-in user (omkar@tattvan.com)
[debug] [2026-01-24T07:25:33.642Z] [iam] checking project kollectcare-rwe-study for permissions ["datastore.indexes.create","datastore.indexes.delete","datastore.indexes.list","datastore.indexes.update","firebase.projects.get"]
[debug] [2026-01-24T07:25:33.643Z] Checked if tokens are valid: true, expires at: 1769241758703
[debug] [2026-01-24T07:25:33.644Z] Checked if tokens are valid: true, expires at: 1769241758703
[debug] [2026-01-24T07:25:33.645Z] >>> [apiv2][query] POST https://cloudresourcemanager.googleapis.com/v1/projects/kollectcare-rwe-study:testIamPermissions [none]
[debug] [2026-01-24T07:25:33.645Z] >>> [apiv2][(partial)header] POST https://cloudresourcemanager.googleapis.com/v1/projects/kollectcare-rwe-study:testIamPermissions x-goog-quota-user=projects/kollectcare-rwe-study
[debug] [2026-01-24T07:25:33.645Z] >>> [apiv2][body] POST https://cloudresourcemanager.googleapis.com/v1/projects/kollectcare-rwe-study:testIamPermissions {"permissions":["datastore.indexes.create","datastore.indexes.delete","datastore.indexes.list","datastore.indexes.update","firebase.projects.get"]}
[debug] [2026-01-24T07:25:35.163Z] <<< [apiv2][status] POST https://cloudresourcemanager.googleapis.com/v1/projects/kollectcare-rwe-study:testIamPermissions 200
[debug] [2026-01-24T07:25:35.164Z] <<< [apiv2][body] POST https://cloudresourcemanager.googleapis.com/v1/projects/kollectcare-rwe-study:testIamPermissions {"permissions":["datastore.indexes.create","datastore.indexes.delete","datastore.indexes.list","datastore.indexes.update","firebase.projects.get"]}
[info] 
[info] === Deploying to 'kollectcare-rwe-study'...
[info] 
[info] i  deploying firestore 
[info] i  firestore: ensuring required API firestore.googleapis.com is enabled... 
[info] i  firestore: ensuring required API firestore.googleapis.com is enabled... 
[debug] [2026-01-24T07:25:35.171Z] Checked if tokens are valid: true, expires at: 1769241758703
[debug] [2026-01-24T07:25:35.171Z] Checked if tokens are valid: true, expires at: 1769241758703
[debug] [2026-01-24T07:25:35.172Z] >>> [apiv2][query] GET https://firestore.googleapis.com/v1/projects/kollectcare-rwe-study/databases/(default) [none]
[debug] [2026-01-24T07:25:36.996Z] <<< [apiv2][status] GET https://firestore.googleapis.com/v1/projects/kollectcare-rwe-study/databases/(default) 200
[debug] [2026-01-24T07:25:36.996Z] <<< [apiv2][body] GET https://firestore.googleapis.com/v1/projects/kollectcare-rwe-study/databases/(default) {"name":"projects/kollectcare-rwe-study/databases/(default)","uid":"f26a0d65-a8f6-4302-bc1c-f34f337ce05e","createTime":"2026-01-23T21:31:10.591949Z","updateTime":"2026-01-23T21:31:10.591949Z","locationId":"nam5","type":"FIRESTORE_NATIVE","concurrencyMode":"PESSIMISTIC","versionRetentionPeriod":"3600s","earliestVersionTime":"2026-01-24T06:25:36.807156Z","appEngineIntegrationMode":"DISABLED","keyPrefix":"s","pointInTimeRecoveryEnablement":"POINT_IN_TIME_RECOVERY_DISABLED","deleteProtectionState":"DELETE_PROTECTION_DISABLED","databaseEdition":"STANDARD","freeTier":true,"realtimeUpdatesMode":"REALTIME_UPDATES_MODE_ENABLED","etag":"IP3S9PDSo5IDMLiI0ofOopID"}
[info] i  firestore: reading indexes from firestore.indexes.json... 
[info] i  cloud.firestore: checking firestore.rules for compilation errors... 
[debug] [2026-01-24T07:25:36.999Z] Checked if tokens are valid: true, expires at: 1769241758703
[debug] [2026-01-24T07:25:36.999Z] Checked if tokens are valid: true, expires at: 1769241758703
[debug] [2026-01-24T07:25:36.999Z] >>> [apiv2][query] POST https://firebaserules.googleapis.com/v1/projects/kollectcare-rwe-study:test [none]
[debug] [2026-01-24T07:25:36.999Z] >>> [apiv2][body] POST https://firebaserules.googleapis.com/v1/projects/kollectcare-rwe-study:test [omitted]
[debug] [2026-01-24T07:25:38.545Z] <<< [apiv2][status] POST https://firebaserules.googleapis.com/v1/projects/kollectcare-rwe-study:test 200
[debug] [2026-01-24T07:25:38.546Z] <<< [apiv2][body] POST https://firebaserules.googleapis.com/v1/projects/kollectcare-rwe-study:test {}
[info] +  cloud.firestore: rules file firestore.rules compiled successfully 
[debug] [2026-01-24T07:25:38.548Z] Checked if tokens are valid: true, expires at: 1769241758703
[debug] [2026-01-24T07:25:38.549Z] Checked if tokens are valid: true, expires at: 1769241758703
[debug] [2026-01-24T07:25:38.549Z] >>> [apiv2][query] GET https://firebaserules.googleapis.com/v1/projects/kollectcare-rwe-study/releases pageSize=10&pageToken=
[debug] [2026-01-24T07:25:39.953Z] <<< [apiv2][status] GET https://firebaserules.googleapis.com/v1/projects/kollectcare-rwe-study/releases 200
[debug] [2026-01-24T07:25:39.953Z] <<< [apiv2][body] GET https://firebaserules.googleapis.com/v1/projects/kollectcare-rwe-study/releases {"releases":[{"name":"projects/kollectcare-rwe-study/releases/cloud.firestore","rulesetName":"projects/kollectcare-rwe-study/rulesets/e67f5f1d-29fd-4694-93a2-f74614c65e4d","createTime":"2026-01-23T21:31:37.502555Z","updateTime":"2026-01-24T07:07:51.292868Z"}]}
[debug] [2026-01-24T07:25:39.953Z] Checked if tokens are valid: true, expires at: 1769241758703
[debug] [2026-01-24T07:25:39.954Z] Checked if tokens are valid: true, expires at: 1769241758703
[debug] [2026-01-24T07:25:39.954Z] >>> [apiv2][query] GET https://firebaserules.googleapis.com/v1/projects/kollectcare-rwe-study/rulesets/e67f5f1d-29fd-4694-93a2-f74614c65e4d [none]
[debug] [2026-01-24T07:25:41.414Z] <<< [apiv2][status] GET https://firebaserules.googleapis.com/v1/projects/kollectcare-rwe-study/rulesets/e67f5f1d-29fd-4694-93a2-f74614c65e4d 200
[debug] [2026-01-24T07:25:41.414Z] <<< [apiv2][body] GET https://firebaserules.googleapis.com/v1/projects/kollectcare-rwe-study/rulesets/e67f5f1d-29fd-4694-93a2-f74614c65e4d [omitted]
[info] i  firestore: latest version of firestore.rules already up to date, skipping upload... 
[info] i  firestore: deploying indexes... 
[debug] [2026-01-24T07:25:41.418Z] Checked if tokens are valid: true, expires at: 1769241758703
[debug] [2026-01-24T07:25:41.418Z] Checked if tokens are valid: true, expires at: 1769241758703
[debug] [2026-01-24T07:25:41.418Z] >>> [apiv2][query] GET https://firestore.googleapis.com/v1/projects/kollectcare-rwe-study/databases/(default)/collectionGroups/-/indexes [none]
[debug] [2026-01-24T07:25:41.773Z] <<< [apiv2][status] GET https://firestore.googleapis.com/v1/projects/kollectcare-rwe-study/databases/(default)/collectionGroups/-/indexes 200
[debug] [2026-01-24T07:25:41.773Z] <<< [apiv2][body] GET https://firestore.googleapis.com/v1/projects/kollectcare-rwe-study/databases/(default)/collectionGroups/-/indexes {"indexes":[{"name":"projects/kollectcare-rwe-study/databases/(default)/collectionGroups/followUpData/indexes/CICAgJim14AK","queryScope":"COLLECTION","fields":[{"fieldPath":"patientId","order":"ASCENDING"},{"fieldPath":"visitDate","order":"DESCENDING"},{"fieldPath":"__name__","order":"DESCENDING"}],"state":"READY","density":"SPARSE_ALL"},{"name":"projects/kollectcare-rwe-study/databases/(default)/collectionGroups/patients/indexes/CICAgOjXh4EK","queryScope":"COLLECTION","fields":[{"fieldPath":"doctorId","order":"ASCENDING"},{"fieldPath":"createdAt","order":"DESCENDING"},{"fieldPath":"__name__","order":"DESCENDING"}],"state":"READY","density":"SPARSE_ALL"},{"name":"projects/kollectcare-rwe-study/databases/(default)/collectionGroups/baselineData/indexes/CICAgJiUpoMK","queryScope":"COLLECTION","fields":[{"fieldPath":"patientId","order":"ASCENDING"},{"fieldPath":"createdAt","order":"DESCENDING"},{"fieldPath":"__name__","order":"DESCENDING"}],"state":"READY","density":"SPARSE_ALL"}]}
[debug] [2026-01-24T07:25:41.773Z] Checked if tokens are valid: true, expires at: 1769241758703
[debug] [2026-01-24T07:25:41.773Z] Checked if tokens are valid: true, expires at: 1769241758703
[debug] [2026-01-24T07:25:41.774Z] >>> [apiv2][query] GET https://firestore.googleapis.com/v1/projects/kollectcare-rwe-study/databases/(default)/collectionGroups/-/fields?filter=indexConfig.usesAncestorConfig=false OR ttlConfig:* [none]
[debug] [2026-01-24T07:25:42.133Z] <<< [apiv2][status] GET https://firestore.googleapis.com/v1/projects/kollectcare-rwe-study/databases/(default)/collectionGroups/-/fields?filter=indexConfig.usesAncestorConfig=false OR ttlConfig:* 200
[debug] [2026-01-24T07:25:42.134Z] <<< [apiv2][body] GET https://firestore.googleapis.com/v1/projects/kollectcare-rwe-study/databases/(default)/collectionGroups/-/fields?filter=indexConfig.usesAncestorConfig=false OR ttlConfig:* {"fields":[{"name":"projects/kollectcare-rwe-study/databases/(default)/collectionGroups/__default__/fields/*","indexConfig":{"indexes":[{"queryScope":"COLLECTION","fields":[{"fieldPath":"*","order":"ASCENDING"}],"state":"READY"},{"queryScope":"COLLECTION","fields":[{"fieldPath":"*","order":"DESCENDING"}],"state":"READY"},{"queryScope":"COLLECTION","fields":[{"fieldPath":"*","arrayConfig":"CONTAINS"}],"state":"READY"}]}}]}
[debug] [2026-01-24T07:25:42.134Z] Checked if tokens are valid: true, expires at: 1769241758703
[debug] [2026-01-24T07:25:42.134Z] Checked if tokens are valid: true, expires at: 1769241758703
[debug] [2026-01-24T07:25:42.134Z] >>> [apiv2][query] GET https://firestore.googleapis.com/v1/projects/kollectcare-rwe-study/databases/(default) [none]
[debug] [2026-01-24T07:25:42.453Z] <<< [apiv2][status] GET https://firestore.googleapis.com/v1/projects/kollectcare-rwe-study/databases/(default) 200
[debug] [2026-01-24T07:25:42.453Z] <<< [apiv2][body] GET https://firestore.googleapis.com/v1/projects/kollectcare-rwe-study/databases/(default) {"name":"projects/kollectcare-rwe-study/databases/(default)","uid":"f26a0d65-a8f6-4302-bc1c-f34f337ce05e","createTime":"2026-01-23T21:31:10.591949Z","updateTime":"2026-01-23T21:31:10.591949Z","locationId":"nam5","type":"FIRESTORE_NATIVE","concurrencyMode":"PESSIMISTIC","versionRetentionPeriod":"3600s","earliestVersionTime":"2026-01-24T06:25:42.313690Z","appEngineIntegrationMode":"DISABLED","keyPrefix":"s","pointInTimeRecoveryEnablement":"POINT_IN_TIME_RECOVERY_DISABLED","deleteProtectionState":"DELETE_PROTECTION_DISABLED","databaseEdition":"STANDARD","freeTier":true,"realtimeUpdatesMode":"REALTIME_UPDATES_MODE_ENABLED","etag":"IL/fxPPSo5IDMLiI0ofOopID"}
[debug] [2026-01-24T07:25:42.455Z] Skipping existing index: {"collectionGroup":"patients","queryScope":"COLLECTION","fields":[{"fieldPath":"doctorId","order":"ASCENDING"},{"fieldPath":"createdAt","order":"DESCENDING"},{"fieldPath":"__name__","order":"DESCENDING"}]}
[debug] [2026-01-24T07:25:42.455Z] Skipping existing index: {"collectionGroup":"baselineData","queryScope":"COLLECTION","fields":[{"fieldPath":"patientId","order":"ASCENDING"},{"fieldPath":"createdAt","order":"DESCENDING"},{"fieldPath":"__name__","order":"DESCENDING"}]}
[debug] [2026-01-24T07:25:42.455Z] Skipping existing index: {"collectionGroup":"followUpData","queryScope":"COLLECTION","fields":[{"fieldPath":"patientId","order":"ASCENDING"},{"fieldPath":"visitDate","order":"DESCENDING"},{"fieldPath":"__name__","order":"DESCENDING"}]}
[info] +  firestore: deployed indexes in firestore.indexes.json successfully for (default) database 
[debug] [2026-01-24T07:25:42.456Z] [rules] releasing cloud.firestore/(default) with ruleset projects/kollectcare-rwe-study/rulesets/e67f5f1d-29fd-4694-93a2-f74614c65e4d
[debug] [2026-01-24T07:25:42.456Z] Checked if tokens are valid: true, expires at: 1769241758703
[debug] [2026-01-24T07:25:42.456Z] Checked if tokens are valid: true, expires at: 1769241758703
[debug] [2026-01-24T07:25:42.457Z] >>> [apiv2][query] PATCH https://firebaserules.googleapis.com/v1/projects/kollectcare-rwe-study/releases/cloud.firestore/(default) [none]
[debug] [2026-01-24T07:25:42.457Z] >>> [apiv2][body] PATCH https://firebaserules.googleapis.com/v1/projects/kollectcare-rwe-study/releases/cloud.firestore/(default) {"release":{"name":"projects/kollectcare-rwe-study/releases/cloud.firestore/(default)","rulesetName":"projects/kollectcare-rwe-study/rulesets/e67f5f1d-29fd-4694-93a2-f74614c65e4d"}}
[debug] [2026-01-24T07:25:43.808Z] <<< [apiv2][status] PATCH https://firebaserules.googleapis.com/v1/projects/kollectcare-rwe-study/releases/cloud.firestore/(default) 200
[debug] [2026-01-24T07:25:43.808Z] <<< [apiv2][body] PATCH https://firebaserules.googleapis.com/v1/projects/kollectcare-rwe-study/releases/cloud.firestore/(default) {"name":"projects/kollectcare-rwe-study/releases/cloud.firestore","rulesetName":"projects/kollectcare-rwe-study/rulesets/e67f5f1d-29fd-4694-93a2-f74614c65e4d","createTime":"2026-01-23T21:31:37.502555Z","updateTime":"2026-01-24T07:25:43.670018Z"}
[debug] [2026-01-24T07:25:43.809Z] [rules] updated release projects/kollectcare-rwe-study/releases/cloud.firestore
[info] +  firestore: released rules firestore.rules to cloud.firestore 
[info] 
[info] +  Deploy complete! 
[info] 
[info] Project Console: https://console.firebase.google.com/project/kollectcare-rwe-study/overview
[debug] [2026-01-24T07:25:55.914Z] ----------------------------------------------------------------------
[debug] [2026-01-24T07:25:55.919Z] Command:       C:\Program Files\nodejs\node.exe C:\Users\Omkar.Verma\AppData\Roaming\npm\node_modules\firebase-tools\lib\bin\firebase.js deploy --only apphosting --json
[debug] [2026-01-24T07:25:55.919Z] CLI Version:   15.4.0
[debug] [2026-01-24T07:25:55.920Z] Platform:      win32
[debug] [2026-01-24T07:25:55.920Z] Node Version:  v22.14.0
[debug] [2026-01-24T07:25:55.920Z] Time:          Sat Jan 24 2026 12:55:55 GMT+0530 (India Standard Time)
[debug] [2026-01-24T07:25:55.920Z] ----------------------------------------------------------------------
[debug] 
[debug] [2026-01-24T07:25:58.721Z] Object "" in "firebase.json" has unknown property: {"additionalProperty":"projects"}
[debug] [2026-01-24T07:25:58.726Z] > command requires scopes: ["email","openid","https://www.googleapis.com/auth/cloudplatformprojects.readonly","https://www.googleapis.com/auth/firebase","https://www.googleapis.com/auth/cloud-platform"]
[debug] [2026-01-24T07:25:58.726Z] > authorizing via signed-in user (omkar@tattvan.com)
[debug] [2026-01-24T07:25:58.726Z] [iam] checking project kollectcare-rwe-study for permissions ["firebase.projects.get",null]
[debug] [2026-01-24T07:25:58.727Z] Checked if tokens are valid: true, expires at: 1769241758703
[debug] [2026-01-24T07:25:58.727Z] Checked if tokens are valid: true, expires at: 1769241758703
[debug] [2026-01-24T07:25:58.728Z] >>> [apiv2][query] POST https://cloudresourcemanager.googleapis.com/v1/projects/kollectcare-rwe-study:testIamPermissions [none]
[debug] [2026-01-24T07:25:58.729Z] >>> [apiv2][(partial)header] POST https://cloudresourcemanager.googleapis.com/v1/projects/kollectcare-rwe-study:testIamPermissions x-goog-quota-user=projects/kollectcare-rwe-study
[debug] [2026-01-24T07:25:58.729Z] >>> [apiv2][body] POST https://cloudresourcemanager.googleapis.com/v1/projects/kollectcare-rwe-study:testIamPermissions {"permissions":["firebase.projects.get",null]}
[debug] [2026-01-24T07:26:00.790Z] <<< [apiv2][status] POST https://cloudresourcemanager.googleapis.com/v1/projects/kollectcare-rwe-study:testIamPermissions 200
[debug] [2026-01-24T07:26:00.790Z] <<< [apiv2][body] POST https://cloudresourcemanager.googleapis.com/v1/projects/kollectcare-rwe-study:testIamPermissions {"permissions":["firebase.projects.get"]}
[debug] [2026-01-24T07:26:00.790Z] [iam] error while checking permissions, command may fail: Authorization failed. This account is missing the following required permissions on project kollectcare-rwe-study:

  
[info] 
[info] === Deploying to 'kollectcare-rwe-study'...
[info] 
[info] i  deploying apphosting 
[debug] [2026-01-24T07:26:00.793Z] Checked if tokens are valid: true, expires at: 1769241758703
[debug] [2026-01-24T07:26:00.793Z] Checked if tokens are valid: true, expires at: 1769241758703
[debug] [2026-01-24T07:26:00.793Z] >>> [apiv2][query] POST https://iam.googleapis.com/v1/projects/kollectcare-rwe-study/serviceAccounts/firebase-app-hosting-compute@kollectcare-rwe-study.iam.gserviceaccount.com:testIamPermissions [none]
[debug] [2026-01-24T07:26:00.793Z] >>> [apiv2][(partial)header] POST https://iam.googleapis.com/v1/projects/kollectcare-rwe-study/serviceAccounts/firebase-app-hosting-compute@kollectcare-rwe-study.iam.gserviceaccount.com:testIamPermissions x-goog-quota-user=projects/kollectcare-rwe-study
[debug] [2026-01-24T07:26:00.793Z] >>> [apiv2][body] POST https://iam.googleapis.com/v1/projects/kollectcare-rwe-study/serviceAccounts/firebase-app-hosting-compute@kollectcare-rwe-study.iam.gserviceaccount.com:testIamPermissions {"permissions":["iam.serviceAccounts.actAs"]}
[debug] [2026-01-24T07:26:02.509Z] <<< [apiv2][status] POST https://iam.googleapis.com/v1/projects/kollectcare-rwe-study/serviceAccounts/firebase-app-hosting-compute@kollectcare-rwe-study.iam.gserviceaccount.com:testIamPermissions 200
[debug] [2026-01-24T07:26:02.510Z] <<< [apiv2][body] POST https://iam.googleapis.com/v1/projects/kollectcare-rwe-study/serviceAccounts/firebase-app-hosting-compute@kollectcare-rwe-study.iam.gserviceaccount.com:testIamPermissions {"permissions":["iam.serviceAccounts.actAs"]}
[debug] [2026-01-24T07:26:02.510Z] Checked if tokens are valid: true, expires at: 1769241758703
[debug] [2026-01-24T07:26:02.510Z] Checked if tokens are valid: true, expires at: 1769241758703
[debug] [2026-01-24T07:26:02.510Z] >>> [apiv2][query] POST https://iam.googleapis.com/v1/projects/kollectcare-rwe-study/serviceAccounts [none]
[debug] [2026-01-24T07:26:02.510Z] >>> [apiv2][body] POST https://iam.googleapis.com/v1/projects/kollectcare-rwe-study/serviceAccounts {"accountId":"firebase-app-hosting-compute","serviceAccount":{"displayName":"Firebase App Hosting compute service account","description":"Default service account used to run builds and deploys for Firebase App Hosting"}}
[debug] [2026-01-24T07:26:03.033Z] <<< [apiv2][status] POST https://iam.googleapis.com/v1/projects/kollectcare-rwe-study/serviceAccounts 409
[debug] [2026-01-24T07:26:03.033Z] <<< [apiv2][body] POST https://iam.googleapis.com/v1/projects/kollectcare-rwe-study/serviceAccounts [omitted]
[debug] [2026-01-24T07:26:03.036Z] Checked if tokens are valid: true, expires at: 1769241758703
[debug] [2026-01-24T07:26:03.036Z] Checked if tokens are valid: true, expires at: 1769241758703
[debug] [2026-01-24T07:26:03.036Z] >>> [apiv2][query] POST https://cloudresourcemanager.googleapis.com/v1/projects/kollectcare-rwe-study:getIamPolicy [none]
[debug] [2026-01-24T07:26:03.471Z] <<< [apiv2][status] POST https://cloudresourcemanager.googleapis.com/v1/projects/kollectcare-rwe-study:getIamPolicy 200
[debug] [2026-01-24T07:26:03.471Z] <<< [apiv2][body] POST https://cloudresourcemanager.googleapis.com/v1/projects/kollectcare-rwe-study:getIamPolicy {"version":1,"etag":"BwZJHSiexmg=","bindings":[{"role":"roles/artifactregistry.serviceAgent","members":["serviceAccount:service-716627719667@gcp-sa-artifactregistry.iam.gserviceaccount.com"]},{"role":"roles/cloudbuild.builds.builder","members":["serviceAccount:716627719667@cloudbuild.gserviceaccount.com"]},{"role":"roles/cloudbuild.serviceAgent","members":["serviceAccount:service-716627719667@gcp-sa-cloudbuild.iam.gserviceaccount.com"]},{"role":"roles/cloudfunctions.serviceAgent","members":["serviceAccount:service-716627719667@gcf-admin-robot.iam.gserviceaccount.com"]},{"role":"roles/containerregistry.ServiceAgent","members":["serviceAccount:service-716627719667@containerregistry.iam.gserviceaccount.com"]},{"role":"roles/developerconnect.readTokenAccessor","members":["serviceAccount:firebase-app-hosting-compute@kollectcare-rwe-study.iam.gserviceaccount.com"]},{"role":"roles/developerconnect.serviceAgent","members":["serviceAccount:service-716627719667@gcp-sa-devconnect.iam.gserviceaccount.com"]},{"role":"roles/editor","members":["serviceAccount:716627719667-compute@developer.gserviceaccount.com","serviceAccount:716627719667@cloudservices.gserviceaccount.com","serviceAccount:kollectcare-rwe-study@appspot.gserviceaccount.com"]},{"role":"roles/firebase.managementServiceAgent","members":["serviceAccount:service-716627719667@gcp-sa-firebase.iam.gserviceaccount.com"]},{"role":"roles/firebase.sdkAdminServiceAgent","members":["serviceAccount:firebase-adminsdk-fbsvc@kollectcare-rwe-study.iam.gserviceaccount.com","serviceAccount:firebase-app-hosting-compute@kollectcare-rwe-study.iam.gserviceaccount.com"]},{"role":"roles/firebaseapphosting.computeRunner","members":["serviceAccount:firebase-app-hosting-compute@kollectcare-rwe-study.iam.gserviceaccount.com"]},{"role":"roles/firebaseapphosting.serviceAgent","members":["serviceAccount:service-716627719667@gcp-sa-firebaseapphosting.iam.gserviceaccount.com"]},{"role":"roles/firebaseauth.admin","members":["serviceAccount:firebase-adminsdk-fbsvc@kollectcare-rwe-study.iam.gserviceaccount.com"]},{"role":"roles/firebasemods.serviceAgent","members":["serviceAccount:service-716627719667@gcp-sa-firebasemods.iam.gserviceaccount.com"]},{"role":"roles/firebaserules.system","members":["serviceAccount:service-716627719667@firebase-rules.iam.gserviceaccount.com"]},{"role":"roles/firestore.serviceAgent","members":["serviceAccount:service-716627719667@gcp-sa-firestore.iam.gserviceaccount.com"]},{"role":"roles/iam.serviceAccountTokenCreator","members":["serviceAccount:firebase-adminsdk-fbsvc@kollectcare-rwe-study.iam.gserviceaccount.com"]},{"role":"roles/owner","members":["user:omkar@tattvan.com"]},{"role":"roles/run.serviceAgent","members":["serviceAccount:service-716627719667@serverless-robot-prod.iam.gserviceaccount.com"]},{"role":"roles/secretmanager.admin_withcond_bc7a766eb5b13f320c0c","members":["serviceAccount:service-716627719667@gcp-sa-devconnect.iam.gserviceaccount.com"]},{"role":"roles/storage.objectViewer","members":["serviceAccount:firebase-app-hosting-compute@kollectcare-rwe-study.iam.gserviceaccount.com"]}]}
[debug] [2026-01-24T07:26:03.472Z] Checked if tokens are valid: true, expires at: 1769241758703
[debug] [2026-01-24T07:26:03.472Z] Checked if tokens are valid: true, expires at: 1769241758703
[debug] [2026-01-24T07:26:03.472Z] >>> [apiv2][query] POST https://cloudresourcemanager.googleapis.com/v1/projects/kollectcare-rwe-study:setIamPolicy [none]
[debug] [2026-01-24T07:26:03.472Z] >>> [apiv2][body] POST https://cloudresourcemanager.googleapis.com/v1/projects/kollectcare-rwe-study:setIamPolicy {"policy":{"version":1,"etag":"BwZJHSiexmg=","bindings":[{"role":"roles/artifactregistry.serviceAgent","members":["serviceAccount:service-716627719667@gcp-sa-artifactregistry.iam.gserviceaccount.com"]},{"role":"roles/cloudbuild.builds.builder","members":["serviceAccount:716627719667@cloudbuild.gserviceaccount.com"]},{"role":"roles/cloudbuild.serviceAgent","members":["serviceAccount:service-716627719667@gcp-sa-cloudbuild.iam.gserviceaccount.com"]},{"role":"roles/cloudfunctions.serviceAgent","members":["serviceAccount:service-716627719667@gcf-admin-robot.iam.gserviceaccount.com"]},{"role":"roles/containerregistry.ServiceAgent","members":["serviceAccount:service-716627719667@containerregistry.iam.gserviceaccount.com"]},{"role":"roles/developerconnect.readTokenAccessor","members":["serviceAccount:firebase-app-hosting-compute@kollectcare-rwe-study.iam.gserviceaccount.com"]},{"role":"roles/developerconnect.serviceAgent","members":["serviceAccount:service-716627719667@gcp-sa-devconnect.iam.gserviceaccount.com"]},{"role":"roles/editor","members":["serviceAccount:716627719667-compute@developer.gserviceaccount.com","serviceAccount:716627719667@cloudservices.gserviceaccount.com","serviceAccount:kollectcare-rwe-study@appspot.gserviceaccount.com"]},{"role":"roles/firebase.managementServiceAgent","members":["serviceAccount:service-716627719667@gcp-sa-firebase.iam.gserviceaccount.com"]},{"role":"roles/firebase.sdkAdminServiceAgent","members":["serviceAccount:firebase-adminsdk-fbsvc@kollectcare-rwe-study.iam.gserviceaccount.com","serviceAccount:firebase-app-hosting-compute@kollectcare-rwe-study.iam.gserviceaccount.com"]},{"role":"roles/firebaseapphosting.computeRunner","members":["serviceAccount:firebase-app-hosting-compute@kollectcare-rwe-study.iam.gserviceaccount.com"]},{"role":"roles/firebaseapphosting.serviceAgent","members":["serviceAccount:service-716627719667@gcp-sa-firebaseapphosting.iam.gserviceaccount.com"]},{"role":"roles/firebaseauth.admin","members":["serviceAccount:firebase-adminsdk-fbsvc@kollectcare-rwe-study.iam.gserviceaccount.com"]},{"role":"roles/firebasemods.serviceAgent","members":["serviceAccount:service-716627719667@gcp-sa-firebasemods.iam.gserviceaccount.com"]},{"role":"roles/firebaserules.system","members":["serviceAccount:service-716627719667@firebase-rules.iam.gserviceaccount.com"]},{"role":"roles/firestore.serviceAgent","members":["serviceAccount:service-716627719667@gcp-sa-firestore.iam.gserviceaccount.com"]},{"role":"roles/iam.serviceAccountTokenCreator","members":["serviceAccount:firebase-adminsdk-fbsvc@kollectcare-rwe-study.iam.gserviceaccount.com"]},{"role":"roles/owner","members":["user:omkar@tattvan.com"]},{"role":"roles/run.serviceAgent","members":["serviceAccount:service-716627719667@serverless-robot-prod.iam.gserviceaccount.com"]},{"role":"roles/secretmanager.admin_withcond_bc7a766eb5b13f320c0c","members":["serviceAccount:service-716627719667@gcp-sa-devconnect.iam.gserviceaccount.com"]},{"role":"roles/storage.objectViewer","members":["serviceAccount:firebase-app-hosting-compute@kollectcare-rwe-study.iam.gserviceaccount.com"]}]},"updateMask":"bindings"}
[debug] [2026-01-24T07:26:05.026Z] <<< [apiv2][status] POST https://cloudresourcemanager.googleapis.com/v1/projects/kollectcare-rwe-study:setIamPolicy 200
[debug] [2026-01-24T07:26:05.026Z] <<< [apiv2][body] POST https://cloudresourcemanager.googleapis.com/v1/projects/kollectcare-rwe-study:setIamPolicy {"version":1,"etag":"BwZJHS/JsRc=","bindings":[{"role":"roles/artifactregistry.serviceAgent","members":["serviceAccount:service-716627719667@gcp-sa-artifactregistry.iam.gserviceaccount.com"]},{"role":"roles/cloudbuild.builds.builder","members":["serviceAccount:716627719667@cloudbuild.gserviceaccount.com"]},{"role":"roles/cloudbuild.serviceAgent","members":["serviceAccount:service-716627719667@gcp-sa-cloudbuild.iam.gserviceaccount.com"]},{"role":"roles/cloudfunctions.serviceAgent","members":["serviceAccount:service-716627719667@gcf-admin-robot.iam.gserviceaccount.com"]},{"role":"roles/containerregistry.ServiceAgent","members":["serviceAccount:service-716627719667@containerregistry.iam.gserviceaccount.com"]},{"role":"roles/developerconnect.readTokenAccessor","members":["serviceAccount:firebase-app-hosting-compute@kollectcare-rwe-study.iam.gserviceaccount.com"]},{"role":"roles/developerconnect.serviceAgent","members":["serviceAccount:service-716627719667@gcp-sa-devconnect.iam.gserviceaccount.com"]},{"role":"roles/editor","members":["serviceAccount:716627719667-compute@developer.gserviceaccount.com","serviceAccount:716627719667@cloudservices.gserviceaccount.com","serviceAccount:kollectcare-rwe-study@appspot.gserviceaccount.com"]},{"role":"roles/firebase.managementServiceAgent","members":["serviceAccount:service-716627719667@gcp-sa-firebase.iam.gserviceaccount.com"]},{"role":"roles/firebase.sdkAdminServiceAgent","members":["serviceAccount:firebase-adminsdk-fbsvc@kollectcare-rwe-study.iam.gserviceaccount.com","serviceAccount:firebase-app-hosting-compute@kollectcare-rwe-study.iam.gserviceaccount.com"]},{"role":"roles/firebaseapphosting.computeRunner","members":["serviceAccount:firebase-app-hosting-compute@kollectcare-rwe-study.iam.gserviceaccount.com"]},{"role":"roles/firebaseapphosting.serviceAgent","members":["serviceAccount:service-716627719667@gcp-sa-firebaseapphosting.iam.gserviceaccount.com"]},{"role":"roles/firebaseauth.admin","members":["serviceAccount:firebase-adminsdk-fbsvc@kollectcare-rwe-study.iam.gserviceaccount.com"]},{"role":"roles/firebasemods.serviceAgent","members":["serviceAccount:service-716627719667@gcp-sa-firebasemods.iam.gserviceaccount.com"]},{"role":"roles/firebaserules.system","members":["serviceAccount:service-716627719667@firebase-rules.iam.gserviceaccount.com"]},{"role":"roles/firestore.serviceAgent","members":["serviceAccount:service-716627719667@gcp-sa-firestore.iam.gserviceaccount.com"]},{"role":"roles/iam.serviceAccountTokenCreator","members":["serviceAccount:firebase-adminsdk-fbsvc@kollectcare-rwe-study.iam.gserviceaccount.com"]},{"role":"roles/owner","members":["user:omkar@tattvan.com"]},{"role":"roles/run.serviceAgent","members":["serviceAccount:service-716627719667@serverless-robot-prod.iam.gserviceaccount.com"]},{"role":"roles/secretmanager.admin_withcond_bc7a766eb5b13f320c0c","members":["serviceAccount:service-716627719667@gcp-sa-devconnect.iam.gserviceaccount.com"]},{"role":"roles/storage.objectViewer","members":["serviceAccount:firebase-app-hosting-compute@kollectcare-rwe-study.iam.gserviceaccount.com"]}]}
[debug] [2026-01-24T07:26:05.027Z] Checked if tokens are valid: true, expires at: 1769241758703
[debug] [2026-01-24T07:26:05.027Z] Checked if tokens are valid: true, expires at: 1769241758703
[debug] [2026-01-24T07:26:05.027Z] >>> [apiv2][query] GET https://firebaseapphosting.googleapis.com/v1beta/projects/kollectcare-rwe-study/locations/-/backends 
[debug] [2026-01-24T07:26:05.693Z] <<< [apiv2][status] GET https://firebaseapphosting.googleapis.com/v1beta/projects/kollectcare-rwe-study/locations/-/backends 200
[debug] [2026-01-24T07:26:05.694Z] <<< [apiv2][body] GET https://firebaseapphosting.googleapis.com/v1beta/projects/kollectcare-rwe-study/locations/-/backends {"backends":[{"name":"projects/kollectcare-rwe-study/locations/us-central1/backends/default","createTime":"2026-01-24T07:15:41.242292010Z","updateTime":"2026-01-24T07:15:41.530766Z","labels":{"deployment-tool":"cli-firebase"},"uri":"default--kollectcare-rwe-study.us-central1.hosted.app","uid":"144f01b7-f043-4f9a-8b3b-de75d8a2719a","etag":"7QJ6zR1eKDMSv0DTl4lB_Cm2XVdlkm27a1UKWiOZlWM","reconciling":false,"servingLocality":"GLOBAL_ACCESS","serviceAccount":"firebase-app-hosting-compute@kollectcare-rwe-study.iam.gserviceaccount.com","appId":"1:716627719667:web:025f003775f7bb005b8e86"}]}
[debug] [2026-01-24T07:28:42.445Z] ExitPromptError: User force closed the prompt with SIGINT
    at Interface.sigint (C:\Users\Omkar.Verma\AppData\Roaming\npm\node_modules\firebase-tools\node_modules\@inquirer\core\dist\commonjs\lib\create-prompt.js:101:37)
    at Interface.emit (node:events:518:28)
    at [_ttyWrite] [as _ttyWrite] (node:internal/readline/interface:1124:18)
    at ReadStream.onkeypress (node:internal/readline/interface:263:20)
    at ReadStream.emit (node:events:530:35)
    at emitKeys (node:internal/readline/utils:370:14)
    at emitKeys.next (<anonymous>)
    at ReadStream.onData (node:internal/readline/emitKeypressEvents:64:36)
    at ReadStream.emit (node:events:518:28)
    at addChunk (node:internal/streams/readable:561:12)
[error] 
[error] Error: An unexpected error has occurred.
